<?xml version="1.0" encoding="UTF-8"?>
<!-- Generated by org.testng.reporters.JUnitXMLReporter -->
<testsuite hostname="AutoProgrammer" failures="0" tests="3" name="Default test" time="14.288" errors="0" timestamp="3 Jul 2020 05:04:41 GMT">
  <testcase classname="Selenium.validateTitleTest" name="basePageNavigation" time="0.036"/>
  <testcase classname="Selenium.HomePageTest" name="basePageNavigation" time="3.788"/>
  <testcase classname="Selenium.HomePageTest" name="basePageNavigation" time="1.867"/>
</testsuite> <!-- Default test -->
